2026-04-01 14:34:09,387 - __main__ - INFO - 📝 日志文件：/home/yangv/AI-Trader-Intraday/data/logs/trader_2026-04-01_premarket.log
2026-04-01 14:34:09,387 - __main__ - INFO - 🚀 AI-Trader-Intraday 启动 | 模式：premarket | 日期：2026-04-01
2026-04-01 14:34:09,387 - __main__ - INFO - ======================================================================
2026-04-01 14:34:09,388 - __main__ - INFO - 🌅 盘前准备模式
2026-04-01 14:34:09,388 - __main__ - INFO - ======================================================================
2026-04-01 14:34:09,389 - src.monitor.performance_logger - INFO - 📝 日志初始化完成：2026-04-01
2026-04-01 14:34:09,389 - __main__ - INFO - 📋 加载资产池：config/stock_pool_template.txt
2026-04-01 14:34:09,389 - src.data_prep.build_daily_pool - INFO - ✅ 解析: AAPL | ref=5-min | momentum=2/4
2026-04-01 14:34:09,390 - src.data_prep.build_daily_pool - INFO - ✅ 解析: MSFT | ref=1-hour | momentum=2/4
2026-04-01 14:34:09,390 - src.data_prep.build_daily_pool - INFO - ✅ 解析: TSLA | ref=5-min | momentum=2/4
2026-04-01 14:34:09,390 - src.data_prep.build_daily_pool - INFO - ✅ 解析: NVDA | ref=1-day | momentum=2/4
2026-04-01 14:34:09,390 - src.data_prep.build_daily_pool - INFO - ✅ 解析: AMD | ref=1-hour | momentum=2/4
2026-04-01 14:34:09,390 - src.data_prep.build_daily_pool - INFO - ✅ 解析: GOOGL | ref=1-day | momentum=1/4
2026-04-01 14:34:09,390 - src.data_prep.build_daily_pool - INFO - ✅ 解析: META | ref=1-hour | momentum=1/4
2026-04-01 14:34:09,390 - src.data_prep.build_daily_pool - INFO - ✅ 解析: NFLX | ref=5-min | momentum=1/4
2026-04-01 14:34:09,390 - src.data_prep.build_daily_pool - INFO - ✅ 解析: AMZN | ref=1-day | momentum=2/4
2026-04-01 14:34:09,390 - src.data_prep.build_daily_pool - INFO - 📋 资产池加载完成: 9 只股票
2026-04-01 14:34:09,391 - __main__ - INFO - ✅ 资产池加载完成：9 只股票
2026-04-01 14:34:09,391 - src.data_prep.validate_pool - INFO - 🔍 验证 9 只股票是否在历史数据库中...
2026-04-01 14:34:09,398 - src.data_prep.validate_pool - WARNING - ⚠️ AMD 在历史数据库中不存在，将跳过
2026-04-01 14:34:09,398 - src.data_prep.validate_pool - WARNING - ⚠️ NFLX 在历史数据库中不存在，将跳过
2026-04-01 14:34:09,398 - src.data_prep.validate_pool - INFO - ✅ 有效股票：7 | ⚠️ 缺失股票：2
2026-04-01 14:34:09,398 - src.data_prep.validate_pool - WARNING - 缺失股票列表：AMD, NFLX
2026-04-01 14:34:09,398 - __main__ - WARNING - ⚠️ 2 只股票将被跳过，详见警告日志
2026-04-01 14:34:09,398 - __main__ - INFO - 🔍 构建多粒度上下文...
2026-04-01 14:34:09,399 - src.data_prep.build_daily_pool - INFO - 🔍 获取数据: AAPL
2026-04-01 14:34:09,416 - src.data_prep.build_daily_pool - INFO - 🔍 获取数据: MSFT
2026-04-01 14:34:09,420 - src.data_prep.build_daily_pool - INFO - 🔍 获取数据: TSLA
2026-04-01 14:34:09,425 - src.data_prep.build_daily_pool - INFO - 🔍 获取数据: NVDA
2026-04-01 14:34:09,430 - src.data_prep.build_daily_pool - INFO - 🔍 获取数据: GOOGL
2026-04-01 14:34:09,434 - src.data_prep.build_daily_pool - INFO - 🔍 获取数据: META
2026-04-01 14:34:09,438 - src.data_prep.build_daily_pool - INFO - 🔍 获取数据: AMZN
2026-04-01 14:34:09,442 - src.data_prep.build_daily_pool - INFO - ✅ 上下文构建完成: 7 只股票
2026-04-01 14:34:09,442 - __main__ - INFO - 🔍 获取 IBKR 账户信息...
2026-04-01 14:34:09,442 - ib_insync.client - INFO - Connecting to 127.0.0.1:4002 with clientId 123...
2026-04-01 14:34:09,443 - ib_insync.client - INFO - Connected
2026-04-01 14:34:09,480 - ib_insync.client - INFO - Logged on to server version 176
2026-04-01 14:34:09,539 - ib_insync.wrapper - INFO - Warning 2104, reqId -1: Market data farm connection is OK:usfarm
2026-04-01 14:34:09,539 - ib_insync.wrapper - INFO - Warning 2106, reqId -1: HMDS data farm connection is OK:ushmds
2026-04-01 14:34:09,539 - ib_insync.wrapper - INFO - Warning 2158, reqId -1: Sec-def data farm connection is OK:secdefil
2026-04-01 14:34:09,540 - ib_insync.client - INFO - API connection ready
2026-04-01 14:34:09,545 - ib_insync.wrapper - INFO - position: Position(account='DUO842974', contract=Stock(conId=4815747, symbol='NVDA', exchange='NASDAQ', currency='USD', localSymbol='NVDA', tradingClass='NMS'), position=100.0, avgCost=168.37)
2026-04-01 14:34:09,587 - ib_insync.wrapper - INFO - position: Position(account='DUO842974', contract=Stock(conId=272093, symbol='MSFT', exchange='NASDAQ', currency='USD', localSymbol='MSFT', tradingClass='NMS'), position=50.0, avgCost=359.56)
2026-04-01 14:34:09,649 - ib_insync.wrapper - INFO - updatePortfolio: PortfolioItem(contract=Stock(conId=272093, symbol='MSFT', right='0', primaryExchange='NASDAQ', currency='USD', localSymbol='MSFT', tradingClass='NMS'), position=50.0, marketPrice=373.08999635, marketValue=18654.5, averageCost=359.56, unrealizedPNL=676.5, realizedPNL=0.0, account='DUO842974')
2026-04-01 14:34:09,649 - ib_insync.wrapper - INFO - updatePortfolio: PortfolioItem(contract=Stock(conId=4815747, symbol='NVDA', right='0', primaryExchange='NASDAQ', currency='USD', localSymbol='NVDA', tradingClass='NMS'), position=100.0, marketPrice=174.9600067, marketValue=17496.0, averageCost=168.37, unrealizedPNL=659.0, realizedPNL=0.0, account='DUO842974')
2026-04-01 14:34:09,749 - ib_insync.ib - INFO - Synchronization complete
2026-04-01 14:34:09,749 - __main__ - INFO - ✅ IBKR 连接成功：127.0.0.1:4002
2026-04-01 14:34:15,019 - __main__ - INFO - 📋 获取到 80 条账户摘要记录
2026-04-01 14:34:15,019 - __main__ - INFO - 📋 账户代码：DUO842974
2026-04-01 14:34:15,019 - __main__ - INFO - 💵 可用现金：$997,264.85 (USD)
2026-04-01 14:34:15,019 - __main__ - INFO - 💰 账户总值：$1,011,805.05 (USD)
2026-04-01 14:34:15,019 - __main__ - INFO - 💰 总现金：$973,044.01 (USD)
2026-04-01 14:34:15,019 - __main__ - INFO - 📊 获取到 2 个持仓
2026-04-01 14:34:15,220 - __main__ - INFO -   📈 NVDA: 100 shares @ $168.37 (cost: $168.37)
2026-04-01 14:34:15,421 - __main__ - INFO -   📈 MSFT: 50 shares @ $359.56 (cost: $359.56)
2026-04-01 14:34:15,421 - __main__ - INFO - ✅ 账户信息获取完成 | 总值：$1,011,805.05 | 现金：$997,264.85 | 持仓：2 只
2026-04-01 14:34:15,421 - ib_insync.ib - INFO - Disconnecting from 127.0.0.1:4002, 795 B sent in 9 messages, 30.3 kB received in 651 messages, session time 5.98 s.
2026-04-01 14:34:15,422 - ib_insync.client - INFO - Disconnecting
2026-04-01 14:34:15,422 - __main__ - INFO - 🔌 IBKR 账户查询连接已关闭
2026-04-01 14:34:15,422 - src.monitor.performance_logger - INFO - 📝 日志初始化完成：2026-04-01
2026-04-01 14:34:15,426 - __main__ - INFO - 📝 渲染 Prompt 模板...
2026-04-01 14:34:15,427 - src.agent.prompts - INFO - ✅ 加载 Prompt 模板：/home/yangv/AI-Trader-Intraday/config/prompt_template.txt
2026-04-01 14:34:15,427 - src.agent.prompts - WARNING - ⚠️ 模板中未找到 {ALL_ASSETS_DATA} 占位符，使用追加模式
2026-04-01 14:34:15,428 - __main__ - INFO - ✅ Prompt 长度：53580 字符
2026-04-01 14:34:15,436 - src.data_prep.build_daily_pool - INFO - 💾 上下文缓存保存: /home/yangv/AI-Trader-Intraday/cache/context_20260401.json
2026-04-01 14:34:15,436 - __main__ - INFO - 💾 上下文缓存：/home/yangv/AI-Trader-Intraday/cache/context_20260401.json
2026-04-01 14:34:15,454 - src.monitor.performance_logger - INFO - 📝 决策日志记录：ID=163 | NO_OP
2026-04-01 14:34:15,454 - src.monitor.performance_logger - INFO - 🔒 日志会话已关闭
2026-04-01 14:34:15,454 - __main__ - INFO - ======================================================================
2026-04-01 14:34:15,454 - __main__ - INFO - ✅ 盘前准备完成
2026-04-01 14:34:15,454 - __main__ - INFO - ======================================================================
2026-04-01 14:34:15,455 - __main__ - INFO - ✅ 任务成功完成
2026-04-01 14:41:33,941 - __main__ - INFO - 📝 日志文件：/home/yangv/AI-Trader-Intraday/data/logs/trader_2026-04-01_premarket.log
2026-04-01 14:41:33,941 - __main__ - INFO - 🚀 AI-Trader-Intraday 启动 | 模式：premarket | 日期：2026-04-01
2026-04-01 14:41:33,942 - __main__ - INFO - ======================================================================
2026-04-01 14:41:33,942 - __main__ - INFO - 🌅 盘前准备模式
2026-04-01 14:41:33,942 - __main__ - INFO - ======================================================================
2026-04-01 14:41:33,942 - src.monitor.performance_logger - INFO - 📝 日志初始化完成：2026-04-01
2026-04-01 14:41:33,942 - __main__ - INFO - 📋 加载资产池：config/stock_pool_template.txt
2026-04-01 14:41:33,942 - src.data_prep.build_daily_pool - INFO - ✅ 解析: AAPL | ref=5-min | momentum=2/4
2026-04-01 14:41:33,942 - src.data_prep.build_daily_pool - INFO - ✅ 解析: MSFT | ref=1-hour | momentum=2/4
2026-04-01 14:41:33,942 - src.data_prep.build_daily_pool - INFO - ✅ 解析: TSLA | ref=5-min | momentum=2/4
2026-04-01 14:41:33,942 - src.data_prep.build_daily_pool - INFO - ✅ 解析: NVDA | ref=1-day | momentum=2/4
2026-04-01 14:41:33,942 - src.data_prep.build_daily_pool - INFO - ✅ 解析: AMD | ref=1-hour | momentum=2/4
2026-04-01 14:41:33,942 - src.data_prep.build_daily_pool - INFO - ✅ 解析: GOOGL | ref=1-day | momentum=1/4
2026-04-01 14:41:33,943 - src.data_prep.build_daily_pool - INFO - ✅ 解析: META | ref=1-hour | momentum=1/4
2026-04-01 14:41:33,943 - src.data_prep.build_daily_pool - INFO - ✅ 解析: NFLX | ref=5-min | momentum=1/4
2026-04-01 14:41:33,943 - src.data_prep.build_daily_pool - INFO - ✅ 解析: AMZN | ref=1-day | momentum=2/4
2026-04-01 14:41:33,943 - src.data_prep.build_daily_pool - INFO - 📋 资产池加载完成: 9 只股票
2026-04-01 14:41:33,943 - __main__ - INFO - ✅ 资产池加载完成：9 只股票
2026-04-01 14:41:33,944 - src.data_prep.validate_pool - INFO - 🔍 验证 9 只股票是否在历史数据库中...
2026-04-01 14:41:33,951 - src.data_prep.validate_pool - WARNING - ⚠️ AMD 在历史数据库中不存在，将跳过
2026-04-01 14:41:33,951 - src.data_prep.validate_pool - WARNING - ⚠️ NFLX 在历史数据库中不存在，将跳过
2026-04-01 14:41:33,951 - src.data_prep.validate_pool - INFO - ✅ 有效股票：7 | ⚠️ 缺失股票：2
2026-04-01 14:41:33,951 - src.data_prep.validate_pool - WARNING - 缺失股票列表：AMD, NFLX
2026-04-01 14:41:33,951 - __main__ - WARNING - ⚠️ 2 只股票将被跳过，详见警告日志
2026-04-01 14:41:33,951 - __main__ - INFO - 🔍 构建多粒度上下文...
2026-04-01 14:41:33,951 - src.data_prep.build_daily_pool - INFO - 🔍 获取数据: AAPL
2026-04-01 14:41:33,969 - src.data_prep.build_daily_pool - INFO - 🔍 获取数据: MSFT
2026-04-01 14:41:33,974 - src.data_prep.build_daily_pool - INFO - 🔍 获取数据: TSLA
2026-04-01 14:41:33,979 - src.data_prep.build_daily_pool - INFO - 🔍 获取数据: NVDA
2026-04-01 14:41:33,984 - src.data_prep.build_daily_pool - INFO - 🔍 获取数据: GOOGL
2026-04-01 14:41:33,988 - src.data_prep.build_daily_pool - INFO - 🔍 获取数据: META
2026-04-01 14:41:33,992 - src.data_prep.build_daily_pool - INFO - 🔍 获取数据: AMZN
2026-04-01 14:41:33,996 - src.data_prep.build_daily_pool - INFO - ✅ 上下文构建完成: 7 只股票
2026-04-01 14:41:33,996 - __main__ - INFO - 🔍 获取 IBKR 账户信息...
2026-04-01 14:41:33,996 - ib_insync.client - INFO - Connecting to 127.0.0.1:4002 with clientId 123...
2026-04-01 14:41:33,997 - ib_insync.client - INFO - Connected
2026-04-01 14:41:34,000 - ib_insync.client - INFO - Logged on to server version 176
2026-04-01 14:41:34,043 - ib_insync.wrapper - INFO - Warning 2104, reqId -1: Market data farm connection is OK:usfarm
2026-04-01 14:41:34,043 - ib_insync.wrapper - INFO - Warning 2107, reqId -1: HMDS data farm connection is inactive but should be available upon demand.ushmds
2026-04-01 14:41:34,043 - ib_insync.wrapper - INFO - Warning 2158, reqId -1: Sec-def data farm connection is OK:secdefil
2026-04-01 14:41:34,043 - ib_insync.client - INFO - API connection ready
2026-04-01 14:41:34,046 - ib_insync.wrapper - INFO - position: Position(account='DUO842974', contract=Stock(conId=4815747, symbol='NVDA', exchange='NASDAQ', currency='USD', localSymbol='NVDA', tradingClass='NMS'), position=100.0, avgCost=168.37)
2026-04-01 14:41:34,087 - ib_insync.wrapper - INFO - position: Position(account='DUO842974', contract=Stock(conId=272093, symbol='MSFT', exchange='NASDAQ', currency='USD', localSymbol='MSFT', tradingClass='NMS'), position=50.0, avgCost=359.56)
2026-04-01 14:41:34,146 - ib_insync.wrapper - INFO - updatePortfolio: PortfolioItem(contract=Stock(conId=272093, symbol='MSFT', right='0', primaryExchange='NASDAQ', currency='USD', localSymbol='MSFT', tradingClass='NMS'), position=50.0, marketPrice=373.08999635, marketValue=18654.5, averageCost=359.56, unrealizedPNL=676.5, realizedPNL=0.0, account='DUO842974')
2026-04-01 14:41:34,146 - ib_insync.wrapper - INFO - updatePortfolio: PortfolioItem(contract=Stock(conId=4815747, symbol='NVDA', right='0', primaryExchange='NASDAQ', currency='USD', localSymbol='NVDA', tradingClass='NMS'), position=100.0, marketPrice=174.9600067, marketValue=17496.0, averageCost=168.37, unrealizedPNL=659.0, realizedPNL=0.0, account='DUO842974')
2026-04-01 14:41:34,247 - ib_insync.ib - INFO - Synchronization complete
2026-04-01 14:41:34,247 - __main__ - INFO - ✅ IBKR 连接成功：127.0.0.1:4002
2026-04-01 14:41:39,471 - __main__ - INFO - 📋 获取到 80 条账户摘要记录
2026-04-01 14:41:39,471 - __main__ - INFO - 📋 账户代码：DUO842974
2026-04-01 14:41:39,471 - __main__ - INFO - 💵 可用现金：$997,264.85 (USD)
2026-04-01 14:41:39,471 - __main__ - INFO - 💰 账户总值：$1,011,805.05 (USD)
2026-04-01 14:41:39,471 - __main__ - INFO - 💰 总现金：$973,044.01 (USD)
2026-04-01 14:41:39,471 - __main__ - INFO - 📊 获取到 2 个持仓
2026-04-01 14:41:39,672 - __main__ - INFO -   📈 NVDA: 100 shares @ $168.37 (cost: $168.37)
2026-04-01 14:41:39,873 - __main__ - INFO -   📈 MSFT: 50 shares @ $359.56 (cost: $359.56)
2026-04-01 14:41:39,873 - __main__ - INFO - ✅ 账户信息获取完成 | 总值：$1,011,805.05 | 现金：$997,264.85 | 持仓：2 只
2026-04-01 14:41:39,873 - ib_insync.ib - INFO - Disconnecting from 127.0.0.1:4002, 795 B sent in 9 messages, 30.3 kB received in 651 messages, session time 5.88 s.
2026-04-01 14:41:39,873 - ib_insync.client - INFO - Disconnecting
2026-04-01 14:41:39,874 - __main__ - INFO - 🔌 IBKR 账户查询连接已关闭
2026-04-01 14:41:39,874 - src.monitor.performance_logger - INFO - 📝 日志初始化完成：2026-04-01
2026-04-01 14:41:39,888 - __main__ - INFO - 📝 渲染 Prompt 模板...
2026-04-01 14:41:39,888 - src.agent.prompts - INFO - ✅ 加载 Prompt 模板：/home/yangv/AI-Trader-Intraday/config/prompt_template.txt
2026-04-01 14:41:39,888 - src.agent.prompts - WARNING - ⚠️ 模板中未找到 {ALL_ASSETS_DATA} 占位符，使用追加模式
2026-04-01 14:41:39,889 - __main__ - INFO - ✅ Prompt 长度：53580 字符
2026-04-01 14:41:39,890 - __main__ - INFO - 📝 Prompt 已保存：/home/yangv/AI-Trader-Intraday/data/prompts/prompt_20260401_cycle0000.txt
2026-04-01 14:41:39,900 - src.data_prep.build_daily_pool - INFO - 💾 上下文缓存保存: /home/yangv/AI-Trader-Intraday/cache/context_20260401.json
2026-04-01 14:41:39,900 - __main__ - INFO - 💾 上下文缓存：/home/yangv/AI-Trader-Intraday/cache/context_20260401.json
2026-04-01 14:41:39,918 - src.monitor.performance_logger - INFO - 📝 决策日志记录：ID=164 | NO_OP
2026-04-01 14:41:39,918 - src.monitor.performance_logger - INFO - 🔒 日志会话已关闭
2026-04-01 14:41:39,918 - __main__ - INFO - ======================================================================
2026-04-01 14:41:39,919 - __main__ - INFO - ✅ 盘前准备完成
2026-04-01 14:41:39,919 - __main__ - INFO - ======================================================================
2026-04-01 14:41:39,919 - __main__ - INFO - ✅ 任务成功完成
